2025-12-09 01:39:13,514 execute: DELETE FROM "Club" WHERE LOWER(name) LIKE %s | parameters: ('%quicklinks%',)
2025-12-09 01:39:13,515 Executing query: DELETE FROM "Club" WHERE LOWER(name) LIKE %s | parameters: ('%quicklinks%',)
2025-12-09 01:39:13,528 execute: DELETE FROM "Club" WHERE LOWER(name) LIKE %s | parameters: ('%search%',)
2025-12-09 01:39:13,528 Executing query: DELETE FROM "Club" WHERE LOWER(name) LIKE %s | parameters: ('%search%',)
2025-12-09 01:39:13,530 execute: DELETE FROM "Club" WHERE LOWER(name) LIKE %s | parameters: ('%menu%',)
2025-12-09 01:39:13,531 Executing query: DELETE FROM "Club" WHERE LOWER(name) LIKE %s | parameters: ('%menu%',)
2025-12-09 01:39:13,533 execute: DELETE FROM "Club" WHERE LOWER(name) LIKE %s | parameters: ('%navigation%',)
2025-12-09 01:39:13,533 Executing query: DELETE FROM "Club" WHERE LOWER(name) LIKE %s | parameters: ('%navigation%',)
2025-12-09 01:39:13,535 execute: DELETE FROM "Club" WHERE LOWER(name) LIKE %s | parameters: ('%sidebar%',)
2025-12-09 01:39:13,535 Executing query: DELETE FROM "Club" WHERE LOWER(name) LIKE %s | parameters: ('%sidebar%',)
2025-12-09 01:39:13,537 execute: DELETE FROM "Club" WHERE LENGTH(name) < 5 | parameters: None
2025-12-09 01:39:13,538 Executing query: DELETE FROM "Club" WHERE LENGTH(name) < 5 | parameters: None
2025-12-09 01:39:14,521 fetch_all: SELECT name FROM "Club" | parameters: None
2025-12-09 01:39:14,522 Executing query: SELECT name FROM "Club" | parameters: None
2025-12-09 01:39:38,110 fetch_all: SELECT * FROM "Club"
    ORDER BY club_id | parameters: None
2025-12-09 01:39:38,110 Executing query: SELECT * FROM "Club"
    ORDER BY club_id | parameters: None
2025-12-09 01:39:50,774 fetch_one: SELECT * FROM "User"
    WHERE school_email = %s; | parameters: ('hello',)
2025-12-09 01:39:50,774 Executing query: SELECT * FROM "User"
    WHERE school_email = %s; | parameters: ('hello',)
2025-12-09 01:39:53,923 fetch_one: SELECT * FROM "User"
    WHERE school_email = %s; | parameters: ('',)
2025-12-09 01:39:53,923 Executing query: SELECT * FROM "User"
    WHERE school_email = %s; | parameters: ('',)
2025-12-09 01:40:00,244 fetch_one: SELECT * FROM "User"
    WHERE school_email = %s; | parameters: ('user@unr.edu',)
2025-12-09 01:40:00,245 Executing query: SELECT * FROM "User"
    WHERE school_email = %s; | parameters: ('user@unr.edu',)
2025-12-09 01:40:08,861 execute: INSERT INTO "User" (school_email, password, first_name, last_name, role, created_at)
    VALUES(%s, %s, %s, %s, %s, NOW())
    RETURNING *; | parameters: ('user@unr.edu', '$2b$12$d/XGiHPWcPAje1cfySRQjuN0apXOJWhiOGW0OrWeboLtdSwoEWi/.', 'Arwen', 'Antes', 'student')
2025-12-09 01:40:08,861 Executing query: INSERT INTO "User" (school_email, password, first_name, last_name, role, created_at)
    VALUES(%s, %s, %s, %s, %s, NOW())
    RETURNING *; | parameters: ('user@unr.edu', '$2b$12$d/XGiHPWcPAje1cfySRQjuN0apXOJWhiOGW0OrWeboLtdSwoEWi/.', 'Arwen', 'Antes', 'student')
2025-12-09 01:40:17,559 fetch_one: SELECT * FROM "User"
    WHERE school_email = %s; | parameters: ('',)
2025-12-09 01:40:17,559 Executing query: SELECT * FROM "User"
    WHERE school_email = %s; | parameters: ('',)
2025-12-09 01:40:19,805 fetch_one: SELECT * FROM "User"
    WHERE school_email = %s; | parameters: ('hello',)
2025-12-09 01:40:19,805 Executing query: SELECT * FROM "User"
    WHERE school_email = %s; | parameters: ('hello',)
2025-12-09 01:40:21,265 fetch_one: SELECT * FROM "User"
    WHERE school_email = %s; | parameters: ('',)
2025-12-09 01:40:21,265 Executing query: SELECT * FROM "User"
    WHERE school_email = %s; | parameters: ('',)
2025-12-09 01:40:33,773 fetch_one: SELECT * FROM "User"
    WHERE school_email = %s; | parameters: ('user@unr.edu',)
2025-12-09 01:40:33,773 Executing query: SELECT * FROM "User"
    WHERE school_email = %s; | parameters: ('user@unr.edu',)
2025-12-09 01:40:41,885 fetch_one: SELECT * FROM "User"
    WHERE school_email = %s; | parameters: ('user@unr.edu',)
2025-12-09 01:40:41,885 Executing query: SELECT * FROM "User"
    WHERE school_email = %s; | parameters: ('user@unr.edu',)
2025-12-09 01:40:52,675 fetch_all: SELECT * FROM "Club"
    ORDER BY club_id | parameters: None
2025-12-09 01:40:52,675 Executing query: SELECT * FROM "Club"
    ORDER BY club_id | parameters: None
2025-12-09 01:41:19,673 fetch_all: SELECT e.*, c.name as club_name
        FROM "Event" e
        JOIN "Club" c ON e.club = c.club_id
        WHERE e.start_datetime > NOW()
        ORDER BY e.start_datetime
        LIMIT 20 | parameters: None
2025-12-09 01:41:19,674 Executing query: SELECT e.*, c.name as club_name
        FROM "Event" e
        JOIN "Club" c ON e.club = c.club_id
        WHERE e.start_datetime > NOW()
        ORDER BY e.start_datetime
        LIMIT 20 | parameters: None
2025-12-09 01:41:24,559 fetch_all: SELECT t.*, c.name as club_name
        FROM "Task" t
        JOIN "Club" c ON t.club = c.club_id
        JOIN "Task Assignment" ta ON t.task_id = ta.task
        WHERE ta."user" = %s
        ORDER BY t.due_date, t.priority | parameters: (18,)
2025-12-09 01:41:24,560 Executing query: SELECT t.*, c.name as club_name
        FROM "Task" t
        JOIN "Club" c ON t.club = c.club_id
        JOIN "Task Assignment" ta ON t.task_id = ta.task
        WHERE ta."user" = %s
        ORDER BY t.due_date, t.priority | parameters: (18,)
2025-12-09 01:41:29,063 fetch_one: SELECT * FROM "User" WHERE user_id = %s | parameters: (18,)
2025-12-09 01:41:29,063 Executing query: SELECT * FROM "User" WHERE user_id = %s | parameters: (18,)
2025-12-09 01:41:29,065 fetch_all: SELECT cm.*, c.name as club_name
        FROM "Club Membership" cm
        JOIN "Club" c ON cm.clubid = c.club_id
        WHERE cm.userid = %s
        ORDER BY c.name | parameters: (18,)
2025-12-09 01:41:29,066 Executing query: SELECT cm.*, c.name as club_name
        FROM "Club Membership" cm
        JOIN "Club" c ON cm.clubid = c.club_id
        WHERE cm.userid = %s
        ORDER BY c.name | parameters: (18,)
2025-12-09 01:41:29,071 fetch_all: SELECT e.*, c.name as club_name
        FROM "Event" e
        JOIN "Club" c ON e.club = c.club_id
        JOIN "Club Membership" cm ON c.club_id = cm.clubid
        WHERE cm.userid = %s AND cm.is_active = true AND e.start_datetime > NOW()
        ORDER BY e.start_datetime
        LIMIT 5 | parameters: (18,)
2025-12-09 01:41:29,071 Executing query: SELECT e.*, c.name as club_name
        FROM "Event" e
        JOIN "Club" c ON e.club = c.club_id
        JOIN "Club Membership" cm ON c.club_id = cm.clubid
        WHERE cm.userid = %s AND cm.is_active = true AND e.start_datetime > NOW()
        ORDER BY e.start_datetime
        LIMIT 5 | parameters: (18,)
2025-12-09 01:41:29,073 fetch_all: SELECT t.*, c.name as club_name
        FROM "Task" t
        JOIN "Club" c ON t.club = c.club_id
        JOIN "Task Assignment" ta ON t.task_id = ta.task
        WHERE ta."user" = %s AND t.status != 'Complete'
        ORDER BY t.due_date
        LIMIT 5 | parameters: (18,)
2025-12-09 01:41:29,074 Executing query: SELECT t.*, c.name as club_name
        FROM "Task" t
        JOIN "Club" c ON t.club = c.club_id
        JOIN "Task Assignment" ta ON t.task_id = ta.task
        WHERE ta."user" = %s AND t.status != 'Complete'
        ORDER BY t.due_date
        LIMIT 5 | parameters: (18,)
2025-12-09 01:41:42,241 fetch_all: SELECT * FROM "Club"
    ORDER BY club_id | parameters: None
2025-12-09 01:41:42,242 Executing query: SELECT * FROM "Club"
    ORDER BY club_id | parameters: None
2025-12-09 01:41:48,405 fetch_one: SELECT * FROM "Club Membership"
    WHERE clubid = %s AND userid = %s; | parameters: (3, 18)
2025-12-09 01:41:48,406 Executing query: SELECT * FROM "Club Membership"
    WHERE clubid = %s AND userid = %s; | parameters: (3, 18)
2025-12-09 01:41:48,407 execute: INSERT INTO "Club Membership" (clubid, userid, role, is_active, dues_paid)
    VALUES (%s, %s, %s, false, false)
    RETURNING *; | parameters: (3, 18, 'member')
2025-12-09 01:41:48,407 Executing query: INSERT INTO "Club Membership" (clubid, userid, role, is_active, dues_paid)
    VALUES (%s, %s, %s, false, false)
    RETURNING *; | parameters: (3, 18, 'member')
2025-12-09 01:41:59,481 fetch_all: SELECT * FROM "Club"
    ORDER BY club_id | parameters: None
2025-12-09 01:41:59,481 Executing query: SELECT * FROM "Club"
    ORDER BY club_id | parameters: None
2025-12-09 01:42:01,386 fetch_one: SELECT * FROM "Club Membership"
    WHERE clubid = %s AND userid = %s; | parameters: (3, 18)
2025-12-09 01:42:01,386 Executing query: SELECT * FROM "Club Membership"
    WHERE clubid = %s AND userid = %s; | parameters: (3, 18)
2025-12-09 01:42:13,018 fetch_one: SELECT * FROM "User"
    WHERE school_email = %s; | parameters: ('president@unr.edu',)
2025-12-09 01:42:13,018 Executing query: SELECT * FROM "User"
    WHERE school_email = %s; | parameters: ('president@unr.edu',)
2025-12-09 01:42:18,956 fetch_one: SELECT * FROM "User" WHERE user_id = %s | parameters: (5,)
2025-12-09 01:42:18,956 Executing query: SELECT * FROM "User" WHERE user_id = %s | parameters: (5,)
2025-12-09 01:42:18,958 fetch_all: SELECT cm.*, c.name as club_name
        FROM "Club Membership" cm
        JOIN "Club" c ON cm.clubid = c.club_id
        WHERE cm.userid = %s
        ORDER BY c.name | parameters: (5,)
2025-12-09 01:42:18,958 Executing query: SELECT cm.*, c.name as club_name
        FROM "Club Membership" cm
        JOIN "Club" c ON cm.clubid = c.club_id
        WHERE cm.userid = %s
        ORDER BY c.name | parameters: (5,)
2025-12-09 01:42:18,967 fetch_all: SELECT e.*, c.name as club_name
        FROM "Event" e
        JOIN "Club" c ON e.club = c.club_id
        JOIN "Club Membership" cm ON c.club_id = cm.clubid
        WHERE cm.userid = %s AND cm.is_active = true AND e.start_datetime > NOW()
        ORDER BY e.start_datetime
        LIMIT 5 | parameters: (5,)
2025-12-09 01:42:18,967 Executing query: SELECT e.*, c.name as club_name
        FROM "Event" e
        JOIN "Club" c ON e.club = c.club_id
        JOIN "Club Membership" cm ON c.club_id = cm.clubid
        WHERE cm.userid = %s AND cm.is_active = true AND e.start_datetime > NOW()
        ORDER BY e.start_datetime
        LIMIT 5 | parameters: (5,)
2025-12-09 01:42:18,972 fetch_all: SELECT t.*, c.name as club_name
        FROM "Task" t
        JOIN "Club" c ON t.club = c.club_id
        JOIN "Task Assignment" ta ON t.task_id = ta.task
        WHERE ta."user" = %s AND t.status != 'Complete'
        ORDER BY t.due_date
        LIMIT 5 | parameters: (5,)
2025-12-09 01:42:18,972 Executing query: SELECT t.*, c.name as club_name
        FROM "Task" t
        JOIN "Club" c ON t.club = c.club_id
        JOIN "Task Assignment" ta ON t.task_id = ta.task
        WHERE ta."user" = %s AND t.status != 'Complete'
        ORDER BY t.due_date
        LIMIT 5 | parameters: (5,)
2025-12-09 01:42:35,451 fetch_all: SELECT cm.*, c.name FROM "Club Membership" cm
    JOIN "Club" c ON cm.clubid = c.club_id
    WHERE cm.userid = %s | parameters: (5,)
2025-12-09 01:42:35,451 Executing query: SELECT cm.*, c.name FROM "Club Membership" cm
    JOIN "Club" c ON cm.clubid = c.club_id
    WHERE cm.userid = %s | parameters: (5,)
2025-12-09 01:42:47,265 fetch_one: SELECT * FROM "Club Membership"
    WHERE clubid = %s AND userid = %s; | parameters: (23, 5)
2025-12-09 01:42:47,265 Executing query: SELECT * FROM "Club Membership"
    WHERE clubid = %s AND userid = %s; | parameters: (23, 5)
2025-12-09 01:42:51,173 fetch_all: SELECT cm.*, c.name FROM "Club Membership" cm
    JOIN "Club" c ON cm.clubid = c.club_id
    WHERE cm.userid = %s | parameters: (5,)
2025-12-09 01:42:51,173 Executing query: SELECT cm.*, c.name FROM "Club Membership" cm
    JOIN "Club" c ON cm.clubid = c.club_id
    WHERE cm.userid = %s | parameters: (5,)
2025-12-09 01:42:53,005 fetch_one: SELECT * FROM "Club Membership"
    WHERE clubid = %s AND userid = %s; | parameters: (3, 5)
2025-12-09 01:42:53,005 Executing query: SELECT * FROM "Club Membership"
    WHERE clubid = %s AND userid = %s; | parameters: (3, 5)
2025-12-09 01:42:53,007 fetch_one: SELECT * FROM "Club" WHERE club_id = %s; | parameters: (3,)
2025-12-09 01:42:53,007 Executing query: SELECT * FROM "Club" WHERE club_id = %s; | parameters: (3,)
2025-12-09 01:42:57,799 fetch_all: SELECT cm.*, u.first_name, u.last_name, u.school_email
    FROM "Club Membership" cm JOIN "User" u 
    ON cm.userid = u.user_id WHERE cm.clubid = %s; | parameters: (3,)
2025-12-09 01:42:57,800 Executing query: SELECT cm.*, u.first_name, u.last_name, u.school_email
    FROM "Club Membership" cm JOIN "User" u 
    ON cm.userid = u.user_id WHERE cm.clubid = %s; | parameters: (3,)
2025-12-09 01:43:04,922 fetch_one: SELECT * FROM "Club Membership"
    WHERE clubid = %s AND userid = %s; | parameters: (3, 5)
2025-12-09 01:43:04,922 Executing query: SELECT * FROM "Club Membership"
    WHERE clubid = %s AND userid = %s; | parameters: (3, 5)
2025-12-09 01:43:04,923 fetch_all: SELECT cm.*, u.first_name, u.last_name, u.school_email
    FROM "Club Membership" cm JOIN "User" u
    ON cm.userid = u.user_id WHERE cm.clubid = %s AND cm.is_active = false; | parameters: (3,)
2025-12-09 01:43:04,924 Executing query: SELECT cm.*, u.first_name, u.last_name, u.school_email
    FROM "Club Membership" cm JOIN "User" u
    ON cm.userid = u.user_id WHERE cm.clubid = %s AND cm.is_active = false; | parameters: (3,)
2025-12-09 01:43:11,629 execute: UPDATE "Club Membership" SET is_active = true, role = %s WHERE clubid = %s AND userid = %s RETURNING *; | parameters: ('member', 3, 18)
2025-12-09 01:43:11,629 Executing query: UPDATE "Club Membership" SET is_active = true, role = %s WHERE clubid = %s AND userid = %s RETURNING *; | parameters: ('member', 3, 18)
2025-12-09 01:43:16,665 fetch_one: SELECT * FROM "User" WHERE user_id = %s | parameters: (18,)
2025-12-09 01:43:16,666 Executing query: SELECT * FROM "User" WHERE user_id = %s | parameters: (18,)
2025-12-09 01:43:16,667 fetch_all: SELECT cm.*, c.name as club_name
        FROM "Club Membership" cm
        JOIN "Club" c ON cm.clubid = c.club_id
        WHERE cm.userid = %s
        ORDER BY c.name | parameters: (18,)
2025-12-09 01:43:16,668 Executing query: SELECT cm.*, c.name as club_name
        FROM "Club Membership" cm
        JOIN "Club" c ON cm.clubid = c.club_id
        WHERE cm.userid = %s
        ORDER BY c.name | parameters: (18,)
2025-12-09 01:43:16,670 fetch_all: SELECT e.*, c.name as club_name
        FROM "Event" e
        JOIN "Club" c ON e.club = c.club_id
        JOIN "Club Membership" cm ON c.club_id = cm.clubid
        WHERE cm.userid = %s AND cm.is_active = true AND e.start_datetime > NOW()
        ORDER BY e.start_datetime
        LIMIT 5 | parameters: (18,)
2025-12-09 01:43:16,670 Executing query: SELECT e.*, c.name as club_name
        FROM "Event" e
        JOIN "Club" c ON e.club = c.club_id
        JOIN "Club Membership" cm ON c.club_id = cm.clubid
        WHERE cm.userid = %s AND cm.is_active = true AND e.start_datetime > NOW()
        ORDER BY e.start_datetime
        LIMIT 5 | parameters: (18,)
2025-12-09 01:43:16,672 fetch_all: SELECT t.*, c.name as club_name
        FROM "Task" t
        JOIN "Club" c ON t.club = c.club_id
        JOIN "Task Assignment" ta ON t.task_id = ta.task
        WHERE ta."user" = %s AND t.status != 'Complete'
        ORDER BY t.due_date
        LIMIT 5 | parameters: (18,)
2025-12-09 01:43:16,672 Executing query: SELECT t.*, c.name as club_name
        FROM "Task" t
        JOIN "Club" c ON t.club = c.club_id
        JOIN "Task Assignment" ta ON t.task_id = ta.task
        WHERE ta."user" = %s AND t.status != 'Complete'
        ORDER BY t.due_date
        LIMIT 5 | parameters: (18,)
2025-12-09 01:43:27,019 fetch_one: SELECT * FROM "Club Membership"
    WHERE clubid = %s AND userid = %s; | parameters: (3, 5)
2025-12-09 01:43:27,019 Executing query: SELECT * FROM "Club Membership"
    WHERE clubid = %s AND userid = %s; | parameters: (3, 5)
2025-12-09 01:43:27,020 fetch_all: SELECT cm.*, u.first_name, u.last_name, u.school_email
    FROM "Club Membership" cm JOIN "User" u 
    ON cm.userid = u.user_id WHERE cm.clubid = %s; | parameters: (3,)
2025-12-09 01:43:27,020 Executing query: SELECT cm.*, u.first_name, u.last_name, u.school_email
    FROM "Club Membership" cm JOIN "User" u 
    ON cm.userid = u.user_id WHERE cm.clubid = %s; | parameters: (3,)
2025-12-09 01:43:35,673 fetch_one: SELECT * FROM "Club Membership"
    WHERE clubid = %s AND userid = %s; | parameters: (3, 18)
2025-12-09 01:43:35,673 Executing query: SELECT * FROM "Club Membership"
    WHERE clubid = %s AND userid = %s; | parameters: (3, 18)
2025-12-09 01:43:35,675 execute: UPDATE "Club Membership"
    SET role = %s
    WHERE clubid = %s AND userid = %s
    RETURNING *; | parameters: ('secretary', 3, 18)
2025-12-09 01:43:35,675 Executing query: UPDATE "Club Membership"
    SET role = %s
    WHERE clubid = %s AND userid = %s
    RETURNING *; | parameters: ('secretary', 3, 18)
2025-12-09 01:43:40,130 fetch_one: SELECT * FROM "User" WHERE user_id = %s | parameters: (18,)
2025-12-09 01:43:40,130 Executing query: SELECT * FROM "User" WHERE user_id = %s | parameters: (18,)
2025-12-09 01:43:40,132 fetch_all: SELECT cm.*, c.name as club_name
        FROM "Club Membership" cm
        JOIN "Club" c ON cm.clubid = c.club_id
        WHERE cm.userid = %s
        ORDER BY c.name | parameters: (18,)
2025-12-09 01:43:40,132 Executing query: SELECT cm.*, c.name as club_name
        FROM "Club Membership" cm
        JOIN "Club" c ON cm.clubid = c.club_id
        WHERE cm.userid = %s
        ORDER BY c.name | parameters: (18,)
2025-12-09 01:43:40,135 fetch_all: SELECT e.*, c.name as club_name
        FROM "Event" e
        JOIN "Club" c ON e.club = c.club_id
        JOIN "Club Membership" cm ON c.club_id = cm.clubid
        WHERE cm.userid = %s AND cm.is_active = true AND e.start_datetime > NOW()
        ORDER BY e.start_datetime
        LIMIT 5 | parameters: (18,)
2025-12-09 01:43:40,135 Executing query: SELECT e.*, c.name as club_name
        FROM "Event" e
        JOIN "Club" c ON e.club = c.club_id
        JOIN "Club Membership" cm ON c.club_id = cm.clubid
        WHERE cm.userid = %s AND cm.is_active = true AND e.start_datetime > NOW()
        ORDER BY e.start_datetime
        LIMIT 5 | parameters: (18,)
2025-12-09 01:43:40,136 fetch_all: SELECT t.*, c.name as club_name
        FROM "Task" t
        JOIN "Club" c ON t.club = c.club_id
        JOIN "Task Assignment" ta ON t.task_id = ta.task
        WHERE ta."user" = %s AND t.status != 'Complete'
        ORDER BY t.due_date
        LIMIT 5 | parameters: (18,)
2025-12-09 01:43:40,136 Executing query: SELECT t.*, c.name as club_name
        FROM "Task" t
        JOIN "Club" c ON t.club = c.club_id
        JOIN "Task Assignment" ta ON t.task_id = ta.task
        WHERE ta."user" = %s AND t.status != 'Complete'
        ORDER BY t.due_date
        LIMIT 5 | parameters: (18,)
2025-12-09 01:43:45,693 fetch_one: SELECT * FROM "Club Membership"
    WHERE clubid = %s AND userid = %s; | parameters: (3, 5)
2025-12-09 01:43:45,693 Executing query: SELECT * FROM "Club Membership"
    WHERE clubid = %s AND userid = %s; | parameters: (3, 5)
2025-12-09 01:43:45,695 fetch_all: SELECT cm.*, u.first_name, u.last_name, u.school_email
    FROM "Club Membership" cm JOIN "User" u 
    ON cm.userid = u.user_id WHERE cm.clubid = %s; | parameters: (3,)
2025-12-09 01:43:45,695 Executing query: SELECT cm.*, u.first_name, u.last_name, u.school_email
    FROM "Club Membership" cm JOIN "User" u 
    ON cm.userid = u.user_id WHERE cm.clubid = %s; | parameters: (3,)
2025-12-09 01:43:55,004 fetch_one: SELECT * FROM "Club Membership"
    WHERE clubid = %s AND userid = %s; | parameters: (3, 6)
2025-12-09 01:43:55,004 Executing query: SELECT * FROM "Club Membership"
    WHERE clubid = %s AND userid = %s; | parameters: (3, 6)
2025-12-09 01:44:02,962 execute: UPDATE "Club Membership"
    SET role = %s
    WHERE clubid = %s AND userid = %s
    RETURNING *; | parameters: ('member', 3, 6)
2025-12-09 01:44:02,963 Executing query: UPDATE "Club Membership"
    SET role = %s
    WHERE clubid = %s AND userid = %s
    RETURNING *; | parameters: ('member', 3, 6)
2025-12-09 01:44:06,482 fetch_all: SELECT cm.*, u.first_name, u.last_name, u.school_email
    FROM "Club Membership" cm JOIN "User" u 
    ON cm.userid = u.user_id WHERE cm.clubid = %s; | parameters: (3,)
2025-12-09 01:44:06,482 Executing query: SELECT cm.*, u.first_name, u.last_name, u.school_email
    FROM "Club Membership" cm JOIN "User" u 
    ON cm.userid = u.user_id WHERE cm.clubid = %s; | parameters: (3,)
2025-12-09 01:44:11,719 fetch_one: SELECT * FROM "Club Membership"
    WHERE clubid = %s AND userid = %s; | parameters: (3, 5)
2025-12-09 01:44:11,719 Executing query: SELECT * FROM "Club Membership"
    WHERE clubid = %s AND userid = %s; | parameters: (3, 5)
2025-12-09 01:44:11,721 fetch_all: SELECT cm.*, u.first_name, u.last_name, u.school_email
    FROM "Club Membership" cm JOIN "User" u 
    ON cm.userid = u.user_id WHERE cm.clubid = %s; | parameters: (3,)
2025-12-09 01:44:11,721 Executing query: SELECT cm.*, u.first_name, u.last_name, u.school_email
    FROM "Club Membership" cm JOIN "User" u 
    ON cm.userid = u.user_id WHERE cm.clubid = %s; | parameters: (3,)
2025-12-09 01:44:17,366 fetch_one: SELECT * FROM "Club Membership"
    WHERE clubid = %s AND userid = %s; | parameters: (3, 7)
2025-12-09 01:44:17,366 Executing query: SELECT * FROM "Club Membership"
    WHERE clubid = %s AND userid = %s; | parameters: (3, 7)
2025-12-09 01:44:17,368 execute: DELETE FROM "Club Membership"
    WHERE clubid = %s AND userid = %s
    RETURNING *; | parameters: (3, 7)
2025-12-09 01:44:17,368 Executing query: DELETE FROM "Club Membership"
    WHERE clubid = %s AND userid = %s
    RETURNING *; | parameters: (3, 7)
2025-12-09 01:44:20,164 fetch_all: SELECT cm.*, u.first_name, u.last_name, u.school_email
    FROM "Club Membership" cm JOIN "User" u 
    ON cm.userid = u.user_id WHERE cm.clubid = %s; | parameters: (3,)
2025-12-09 01:44:20,164 Executing query: SELECT cm.*, u.first_name, u.last_name, u.school_email
    FROM "Club Membership" cm JOIN "User" u 
    ON cm.userid = u.user_id WHERE cm.clubid = %s; | parameters: (3,)
2025-12-09 01:44:28,241 fetch_one: SELECT * FROM "Club Membership"
    WHERE clubid = %s AND userid = %s; | parameters: (3, 5)
2025-12-09 01:44:28,242 Executing query: SELECT * FROM "Club Membership"
    WHERE clubid = %s AND userid = %s; | parameters: (3, 5)
2025-12-09 01:44:32,887 fetch_one: SELECT * FROM "Club" WHERE name = %s; | parameters: (None,)
2025-12-09 01:44:32,887 Executing query: SELECT * FROM "Club" WHERE name = %s; | parameters: (None,)
2025-12-09 01:44:49,861 execute: UPDATE "Club" 
    SET description = %s WHERE club_id = %s 
    RETURNING *; | parameters: ('Help students prepare for their chemical engineering career.', 3)
2025-12-09 01:44:49,861 Executing query: UPDATE "Club" 
    SET description = %s WHERE club_id = %s 
    RETURNING *; | parameters: ('Help students prepare for their chemical engineering career.', 3)
2025-12-09 01:44:57,257 fetch_one: SELECT * FROM "Club" WHERE club_id = %s; | parameters: (3,)
2025-12-09 01:44:57,257 Executing query: SELECT * FROM "Club" WHERE club_id = %s; | parameters: (3,)
2025-12-09 01:45:47,890 execute: INSERT INTO "Event" (club, name, description, start_datetime, end_datetime, location, created_at)
    VALUES (%s, %s, %s, %s, %s, %s, NOW())
    RETURNING *; | parameters: (3, 'Welcome Night', 'Meet the club!', '2025-12-20 15:00', '2025-12-20 18:00', 'Student Union')
2025-12-09 01:45:47,890 Executing query: INSERT INTO "Event" (club, name, description, start_datetime, end_datetime, location, created_at)
    VALUES (%s, %s, %s, %s, %s, %s, NOW())
    RETURNING *; | parameters: (3, 'Welcome Night', 'Meet the club!', '2025-12-20 15:00', '2025-12-20 18:00', 'Student Union')
2025-12-09 01:45:53,402 fetch_one: SELECT * FROM "Club" WHERE club_id = %s; | parameters: (3,)
2025-12-09 01:45:53,402 Executing query: SELECT * FROM "Club" WHERE club_id = %s; | parameters: (3,)
2025-12-09 01:46:32,652 execute: INSERT INTO "Task" (club, title, description, due_date, created_at, updated_at, priority, status)
    VALUES (%s, %s, %s, %s, NOW(), NOW(), %s, 'Not Started')
    RETURNING *; | parameters: (3, 'Get Materials', 'Get materials for upcoming workshop', '2025-12-18', 'Low')
2025-12-09 01:46:32,652 Executing query: INSERT INTO "Task" (club, title, description, due_date, created_at, updated_at, priority, status)
    VALUES (%s, %s, %s, %s, NOW(), NOW(), %s, 'Not Started')
    RETURNING *; | parameters: (3, 'Get Materials', 'Get materials for upcoming workshop', '2025-12-18', 'Low')
2025-12-09 01:46:38,234 fetch_all: SELECT * FROM "Task"
    WHERE club = %s
    ORDER BY due_date; | parameters: (3,)
2025-12-09 01:46:38,234 Executing query: SELECT * FROM "Task"
    WHERE club = %s
    ORDER BY due_date; | parameters: (3,)
2025-12-09 01:46:49,227 fetch_one: SELECT * FROM "Task"
    WHERE task_id = %s AND club = %s | parameters: (10, 3)
2025-12-09 01:46:49,227 Executing query: SELECT * FROM "Task"
    WHERE task_id = %s AND club = %s | parameters: (10, 3)
2025-12-09 01:46:49,229 fetch_all: SELECT cm.*, u.first_name, u.last_name, u.school_email
    FROM "Club Membership" cm JOIN "User" u 
    ON cm.userid = u.user_id WHERE cm.clubid = %s; | parameters: (3,)
2025-12-09 01:46:49,229 Executing query: SELECT cm.*, u.first_name, u.last_name, u.school_email
    FROM "Club Membership" cm JOIN "User" u 
    ON cm.userid = u.user_id WHERE cm.clubid = %s; | parameters: (3,)
2025-12-09 01:46:53,765 fetch_one: SELECT * FROM "Club Membership"
    WHERE clubid = %s AND userid = %s; | parameters: (3, 18)
2025-12-09 01:46:53,766 Executing query: SELECT * FROM "Club Membership"
    WHERE clubid = %s AND userid = %s; | parameters: (3, 18)
2025-12-09 01:46:53,767 execute: INSERT INTO "Task Assignment" (task, "user", assigned_at)
    VALUES (%s, %s, NOW())
    RETURNING *; | parameters: (10, 18)
2025-12-09 01:46:53,767 Executing query: INSERT INTO "Task Assignment" (task, "user", assigned_at)
    VALUES (%s, %s, NOW())
    RETURNING *; | parameters: (10, 18)
2025-12-09 01:46:59,036 fetch_one: SELECT * FROM "User" WHERE user_id = %s | parameters: (18,)
2025-12-09 01:46:59,036 Executing query: SELECT * FROM "User" WHERE user_id = %s | parameters: (18,)
2025-12-09 01:46:59,038 fetch_all: SELECT cm.*, c.name as club_name
        FROM "Club Membership" cm
        JOIN "Club" c ON cm.clubid = c.club_id
        WHERE cm.userid = %s
        ORDER BY c.name | parameters: (18,)
2025-12-09 01:46:59,038 Executing query: SELECT cm.*, c.name as club_name
        FROM "Club Membership" cm
        JOIN "Club" c ON cm.clubid = c.club_id
        WHERE cm.userid = %s
        ORDER BY c.name | parameters: (18,)
2025-12-09 01:46:59,041 fetch_all: SELECT e.*, c.name as club_name
        FROM "Event" e
        JOIN "Club" c ON e.club = c.club_id
        JOIN "Club Membership" cm ON c.club_id = cm.clubid
        WHERE cm.userid = %s AND cm.is_active = true AND e.start_datetime > NOW()
        ORDER BY e.start_datetime
        LIMIT 5 | parameters: (18,)
2025-12-09 01:46:59,041 Executing query: SELECT e.*, c.name as club_name
        FROM "Event" e
        JOIN "Club" c ON e.club = c.club_id
        JOIN "Club Membership" cm ON c.club_id = cm.clubid
        WHERE cm.userid = %s AND cm.is_active = true AND e.start_datetime > NOW()
        ORDER BY e.start_datetime
        LIMIT 5 | parameters: (18,)
2025-12-09 01:46:59,043 fetch_all: SELECT t.*, c.name as club_name
        FROM "Task" t
        JOIN "Club" c ON t.club = c.club_id
        JOIN "Task Assignment" ta ON t.task_id = ta.task
        WHERE ta."user" = %s AND t.status != 'Complete'
        ORDER BY t.due_date
        LIMIT 5 | parameters: (18,)
2025-12-09 01:46:59,043 Executing query: SELECT t.*, c.name as club_name
        FROM "Task" t
        JOIN "Club" c ON t.club = c.club_id
        JOIN "Task Assignment" ta ON t.task_id = ta.task
        WHERE ta."user" = %s AND t.status != 'Complete'
        ORDER BY t.due_date
        LIMIT 5 | parameters: (18,)
2025-12-09 01:47:10,058 fetch_all: SELECT t.*, c.name as club_name
        FROM "Task" t
        JOIN "Club" c ON t.club = c.club_id
        JOIN "Task Assignment" ta ON t.task_id = ta.task
        WHERE ta."user" = %s
        ORDER BY t.due_date, t.priority | parameters: (18,)
2025-12-09 01:47:10,058 Executing query: SELECT t.*, c.name as club_name
        FROM "Task" t
        JOIN "Club" c ON t.club = c.club_id
        JOIN "Task Assignment" ta ON t.task_id = ta.task
        WHERE ta."user" = %s
        ORDER BY t.due_date, t.priority | parameters: (18,)
2025-12-09 01:47:21,524 fetch_all: SELECT * FROM "File Resource" 
    WHERE club = %s
    ORDER BY created_at DESC; | parameters: (3,)
2025-12-09 01:47:21,525 Executing query: SELECT * FROM "File Resource" 
    WHERE club = %s
    ORDER BY created_at DESC; | parameters: (3,)
2025-12-09 01:47:31,705 fetch_one: SELECT * FROM "Club Membership"
    WHERE clubid = %s AND userid = %s; | parameters: (3, 5)
2025-12-09 01:47:31,705 Executing query: SELECT * FROM "Club Membership"
    WHERE clubid = %s AND userid = %s; | parameters: (3, 5)
2025-12-09 01:47:40,669 execute: INSERT INTO "File Resource" (club, source_url, created_at, name)
    VALUES (%s, %s, NOW(), %s)
    RETURNING*; | parameters: (3, 'test', 'google.com')
2025-12-09 01:47:40,669 Executing query: INSERT INTO "File Resource" (club, source_url, created_at, name)
    VALUES (%s, %s, NOW(), %s)
    RETURNING*; | parameters: (3, 'test', 'google.com')
2025-12-09 01:47:44,738 fetch_all: SELECT * FROM "File Resource" 
    WHERE club = %s
    ORDER BY created_at DESC; | parameters: (3,)
2025-12-09 01:47:44,738 Executing query: SELECT * FROM "File Resource" 
    WHERE club = %s
    ORDER BY created_at DESC; | parameters: (3,)
2025-12-09 01:47:51,461 fetch_all: SELECT * FROM "Event" 
    WHERE club = %s
    ORDER BY start_datetime; | parameters: (3,)
2025-12-09 01:47:51,462 Executing query: SELECT * FROM "Event" 
    WHERE club = %s
    ORDER BY start_datetime; | parameters: (3,)
2025-12-09 01:47:58,847 fetch_all: SELECT cm.*, u.first_name, u.last_name, u.school_email
    FROM "Club Membership" cm JOIN "User" u 
    ON cm.userid = u.user_id WHERE cm.clubid = %s; | parameters: (3,)
2025-12-09 01:47:58,848 Executing query: SELECT cm.*, u.first_name, u.last_name, u.school_email
    FROM "Club Membership" cm JOIN "User" u 
    ON cm.userid = u.user_id WHERE cm.clubid = %s; | parameters: (3,)
2025-12-09 01:48:09,683 fetch_one: SELECT attendance_id FROM "Attendance" WHERE event = %s AND "user" = %s | parameters: (8, 18)
2025-12-09 01:48:09,683 Executing query: SELECT attendance_id FROM "Attendance" WHERE event = %s AND "user" = %s | parameters: (8, 18)
2025-12-09 01:48:09,687 execute: INSERT INTO "Attendance" (event, "user", status, time)
        VALUES (%s, %s, %s, NOW())
        RETURNING *; | parameters: (8, 18, 'Present')
2025-12-09 01:48:09,687 Executing query: INSERT INTO "Attendance" (event, "user", status, time)
        VALUES (%s, %s, %s, NOW())
        RETURNING *; | parameters: (8, 18, 'Present')
2025-12-09 01:48:20,240 fetch_all: SELECT * FROM "Event" 
    WHERE club = %s
    ORDER BY start_datetime; | parameters: (3,)
2025-12-09 01:48:20,241 Executing query: SELECT * FROM "Event" 
    WHERE club = %s
    ORDER BY start_datetime; | parameters: (3,)
2025-12-09 01:48:24,292 fetch_all: SELECT a.*, u.first_name, u.last_name 
    FROM "Attendance" a JOIN "User" u ON a."user" = u.user_id
    WHERE a.event = %s
    ORDER BY u.last_name, u.first_name; | parameters: (8,)
2025-12-09 01:48:24,292 Executing query: SELECT a.*, u.first_name, u.last_name 
    FROM "Attendance" a JOIN "User" u ON a."user" = u.user_id
    WHERE a.event = %s
    ORDER BY u.last_name, u.first_name; | parameters: (8,)
2025-12-09 01:48:30,833 fetch_one: SELECT * FROM "Club Membership"
    WHERE clubid = %s AND userid = %s; | parameters: (3, 5)
2025-12-09 01:48:30,833 Executing query: SELECT * FROM "Club Membership"
    WHERE clubid = %s AND userid = %s; | parameters: (3, 5)
2025-12-09 01:48:30,834 fetch_one: SELECT * FROM "Club" WHERE club_id = %s; | parameters: (3,)
2025-12-09 01:48:30,834 Executing query: SELECT * FROM "Club" WHERE club_id = %s; | parameters: (3,)
2025-12-09 01:48:30,836 fetch_all: SELECT cm.*, u.first_name, u.last_name, u.school_email
    FROM "Club Membership" cm JOIN "User" u 
    ON cm.userid = u.user_id WHERE cm.clubid = %s; | parameters: (3,)
2025-12-09 01:48:30,836 Executing query: SELECT cm.*, u.first_name, u.last_name, u.school_email
    FROM "Club Membership" cm JOIN "User" u 
    ON cm.userid = u.user_id WHERE cm.clubid = %s; | parameters: (3,)
2025-12-09 01:48:40,599 execute: UPDATE "Club Membership"
    SET dues_paid = true
    WHERE clubid = %s AND userid = %s
    RETURNING *; | parameters: (3, 18)
2025-12-09 01:48:40,600 Executing query: UPDATE "Club Membership"
    SET dues_paid = true
    WHERE clubid = %s AND userid = %s
    RETURNING *; | parameters: (3, 18)
2025-12-09 01:48:44,914 fetch_one: SELECT * FROM "User" WHERE user_id = %s | parameters: (18,)
2025-12-09 01:48:44,915 Executing query: SELECT * FROM "User" WHERE user_id = %s | parameters: (18,)
2025-12-09 01:48:44,917 fetch_all: SELECT cm.*, c.name as club_name
        FROM "Club Membership" cm
        JOIN "Club" c ON cm.clubid = c.club_id
        WHERE cm.userid = %s
        ORDER BY c.name | parameters: (18,)
2025-12-09 01:48:44,917 Executing query: SELECT cm.*, c.name as club_name
        FROM "Club Membership" cm
        JOIN "Club" c ON cm.clubid = c.club_id
        WHERE cm.userid = %s
        ORDER BY c.name | parameters: (18,)
2025-12-09 01:48:44,919 fetch_all: SELECT e.*, c.name as club_name
        FROM "Event" e
        JOIN "Club" c ON e.club = c.club_id
        JOIN "Club Membership" cm ON c.club_id = cm.clubid
        WHERE cm.userid = %s AND cm.is_active = true AND e.start_datetime > NOW()
        ORDER BY e.start_datetime
        LIMIT 5 | parameters: (18,)
2025-12-09 01:48:44,919 Executing query: SELECT e.*, c.name as club_name
        FROM "Event" e
        JOIN "Club" c ON e.club = c.club_id
        JOIN "Club Membership" cm ON c.club_id = cm.clubid
        WHERE cm.userid = %s AND cm.is_active = true AND e.start_datetime > NOW()
        ORDER BY e.start_datetime
        LIMIT 5 | parameters: (18,)
2025-12-09 01:48:44,922 fetch_all: SELECT t.*, c.name as club_name
        FROM "Task" t
        JOIN "Club" c ON t.club = c.club_id
        JOIN "Task Assignment" ta ON t.task_id = ta.task
        WHERE ta."user" = %s AND t.status != 'Complete'
        ORDER BY t.due_date
        LIMIT 5 | parameters: (18,)
2025-12-09 01:48:44,922 Executing query: SELECT t.*, c.name as club_name
        FROM "Task" t
        JOIN "Club" c ON t.club = c.club_id
        JOIN "Task Assignment" ta ON t.task_id = ta.task
        WHERE ta."user" = %s AND t.status != 'Complete'
        ORDER BY t.due_date
        LIMIT 5 | parameters: (18,)
2025-12-09 01:48:50,346 fetch_all: SELECT cm.*, c.name FROM "Club Membership" cm
    JOIN "Club" c ON cm.clubid = c.club_id
    WHERE cm.userid = %s | parameters: (5,)
2025-12-09 01:48:50,346 Executing query: SELECT cm.*, c.name FROM "Club Membership" cm
    JOIN "Club" c ON cm.clubid = c.club_id
    WHERE cm.userid = %s | parameters: (5,)
2025-12-09 01:48:58,132 fetch_one: SELECT * FROM "Club Membership"
    WHERE clubid = %s AND userid = %s; | parameters: (3, 5)
2025-12-09 01:48:58,133 Executing query: SELECT * FROM "Club Membership"
    WHERE clubid = %s AND userid = %s; | parameters: (3, 5)
2025-12-09 01:48:58,133 fetch_all: SELECT * FROM "Task"
    WHERE club = %s
    ORDER BY due_date; | parameters: (3,)
2025-12-09 01:48:58,134 Executing query: SELECT * FROM "Task"
    WHERE club = %s
    ORDER BY due_date; | parameters: (3,)
2025-12-09 01:49:08,566 fetch_one: SELECT * FROM "Club Membership"
    WHERE clubid = %s AND userid = %s; | parameters: (3, 5)
2025-12-09 01:49:08,566 Executing query: SELECT * FROM "Club Membership"
    WHERE clubid = %s AND userid = %s; | parameters: (3, 5)
2025-12-09 01:49:14,701 execute: UPDATE "Task"
    SET status = %s, updated_at = NOW()
    WHERE task_id = %s
    RETURNING *; | parameters: ('Complete', 2)
2025-12-09 01:49:14,701 Executing query: UPDATE "Task"
    SET status = %s, updated_at = NOW()
    WHERE task_id = %s
    RETURNING *; | parameters: ('Complete', 2)
2025-12-09 01:49:25,948 fetch_all: SELECT cm.*, c.name FROM "Club Membership" cm
    JOIN "Club" c ON cm.clubid = c.club_id
    WHERE cm.userid = %s | parameters: (5,)
2025-12-09 01:49:25,949 Executing query: SELECT cm.*, c.name FROM "Club Membership" cm
    JOIN "Club" c ON cm.clubid = c.club_id
    WHERE cm.userid = %s | parameters: (5,)
2025-12-09 01:49:25,950 fetch_one: SELECT * FROM "Club Membership"
    WHERE clubid = %s AND userid = %s; | parameters: (25, 5)
2025-12-09 01:49:25,950 Executing query: SELECT * FROM "Club Membership"
    WHERE clubid = %s AND userid = %s; | parameters: (25, 5)
2025-12-09 01:49:25,951 fetch_one: SELECT * FROM "Club Membership"
    WHERE clubid = %s AND userid = %s; | parameters: (3, 5)
2025-12-09 01:49:25,951 Executing query: SELECT * FROM "Club Membership"
    WHERE clubid = %s AND userid = %s; | parameters: (3, 5)
2025-12-09 01:49:27,915 fetch_all: SELECT * FROM "Task"
    WHERE club = %s
    ORDER BY due_date; | parameters: (3,)
2025-12-09 01:49:27,915 Executing query: SELECT * FROM "Task"
    WHERE club = %s
    ORDER BY due_date; | parameters: (3,)
2025-12-09 01:50:31,779 execute: UPDATE "Task"
    SET title = %s, description = %s, due_date = %s, priority = %s, updated_at = NOW()
    WHERE task_id = %s
    RETURNING *; | parameters: ('Prepare Agenda', 'Make agenda for next meeting', '2025-12-08', 'Low', 1)
2025-12-09 01:50:31,779 Executing query: UPDATE "Task"
    SET title = %s, description = %s, due_date = %s, priority = %s, updated_at = NOW()
    WHERE task_id = %s
    RETURNING *; | parameters: ('Prepare Agenda', 'Make agenda for next meeting', '2025-12-08', 'Low', 1)
2025-12-09 01:50:31,795 execute: UPDATE "Task"
    SET status = %s, updated_at = NOW()
    WHERE task_id = %s
    RETURNING *; | parameters: ('In Progress', 1)
2025-12-09 01:50:31,795 Executing query: UPDATE "Task"
    SET status = %s, updated_at = NOW()
    WHERE task_id = %s
    RETURNING *; | parameters: ('In Progress', 1)
2025-12-09 01:50:46,587 fetch_all: SELECT e.*, c.name as club_name
        FROM "Event" e
        JOIN "Club" c ON e.club = c.club_id
        WHERE e.start_datetime > NOW()
        ORDER BY e.start_datetime
        LIMIT 20 | parameters: None
2025-12-09 01:50:46,587 Executing query: SELECT e.*, c.name as club_name
        FROM "Event" e
        JOIN "Club" c ON e.club = c.club_id
        WHERE e.start_datetime > NOW()
        ORDER BY e.start_datetime
        LIMIT 20 | parameters: None
2025-12-09 01:50:51,628 fetch_all: SELECT c.club_id, c.name 
        FROM "Club" c
        JOIN "Club Membership" cm ON c.club_id = cm.clubid
        WHERE cm.userid = %s AND cm.is_active = true
        ORDER BY c.name | parameters: (5,)
2025-12-09 01:50:51,629 Executing query: SELECT c.club_id, c.name 
        FROM "Club" c
        JOIN "Club Membership" cm ON c.club_id = cm.clubid
        WHERE cm.userid = %s AND cm.is_active = true
        ORDER BY c.name | parameters: (5,)
2025-12-09 01:50:54,986 fetch_all: SELECT * FROM "Event" 
    WHERE club = %s
    ORDER BY start_datetime; | parameters: (3,)
2025-12-09 01:50:54,987 Executing query: SELECT * FROM "Event" 
    WHERE club = %s
    ORDER BY start_datetime; | parameters: (3,)
2025-12-09 01:51:16,896 fetch_all: SELECT t.*, c.name as club_name
        FROM "Task" t
        JOIN "Club" c ON t.club = c.club_id
        JOIN "Task Assignment" ta ON t.task_id = ta.task
        WHERE ta."user" = %s
        ORDER BY t.due_date, t.priority | parameters: (5,)
2025-12-09 01:51:16,896 Executing query: SELECT t.*, c.name as club_name
        FROM "Task" t
        JOIN "Club" c ON t.club = c.club_id
        JOIN "Task Assignment" ta ON t.task_id = ta.task
        WHERE ta."user" = %s
        ORDER BY t.due_date, t.priority | parameters: (5,)
2025-12-09 01:51:21,982 fetch_all: SELECT t.*, c.name as club_name
        FROM "Task" t
        JOIN "Club" c ON t.club = c.club_id
        JOIN "Task Assignment" ta ON t.task_id = ta.task
        WHERE ta."user" = %s
        ORDER BY t.due_date, t.priority | parameters: (18,)
2025-12-09 01:51:21,982 Executing query: SELECT t.*, c.name as club_name
        FROM "Task" t
        JOIN "Club" c ON t.club = c.club_id
        JOIN "Task Assignment" ta ON t.task_id = ta.task
        WHERE ta."user" = %s
        ORDER BY t.due_date, t.priority | parameters: (18,)
2025-12-09 01:51:24,807 fetch_all: SELECT cm.*, c.name FROM "Club Membership" cm
    JOIN "Club" c ON cm.clubid = c.club_id
    WHERE cm.userid = %s | parameters: (18,)
2025-12-09 01:51:24,807 Executing query: SELECT cm.*, c.name FROM "Club Membership" cm
    JOIN "Club" c ON cm.clubid = c.club_id
    WHERE cm.userid = %s | parameters: (18,)
2025-12-09 01:51:26,108 fetch_one: SELECT * FROM "Club Membership"
    WHERE clubid = %s AND userid = %s; | parameters: (3, 18)
2025-12-09 01:51:26,108 Executing query: SELECT * FROM "Club Membership"
    WHERE clubid = %s AND userid = %s; | parameters: (3, 18)
2025-12-09 01:51:26,110 fetch_all: SELECT * FROM "Task"
    WHERE club = %s
    ORDER BY due_date; | parameters: (3,)
2025-12-09 01:51:26,110 Executing query: SELECT * FROM "Task"
    WHERE club = %s
    ORDER BY due_date; | parameters: (3,)
2025-12-09 01:51:38,348 fetch_one: SELECT * FROM "Club Membership"
    WHERE clubid = %s AND userid = %s; | parameters: (3, 18)
2025-12-09 01:51:38,348 Executing query: SELECT * FROM "Club Membership"
    WHERE clubid = %s AND userid = %s; | parameters: (3, 18)
2025-12-09 01:51:41,498 execute: UPDATE "Task"
    SET status = %s, updated_at = NOW()
    WHERE task_id = %s
    RETURNING *; | parameters: ('In Progress', 10)
2025-12-09 01:51:41,499 Executing query: UPDATE "Task"
    SET status = %s, updated_at = NOW()
    WHERE task_id = %s
    RETURNING *; | parameters: ('In Progress', 10)
2025-12-09 01:51:50,191 fetch_all: SELECT cm.*, c.name FROM "Club Membership" cm
    JOIN "Club" c ON cm.clubid = c.club_id
    WHERE cm.userid = %s | parameters: (5,)
2025-12-09 01:51:50,191 Executing query: SELECT cm.*, c.name FROM "Club Membership" cm
    JOIN "Club" c ON cm.clubid = c.club_id
    WHERE cm.userid = %s | parameters: (5,)
2025-12-09 01:51:52,041 fetch_one: SELECT * FROM "Club Membership"
    WHERE clubid = %s AND userid = %s; | parameters: (3, 5)
2025-12-09 01:51:52,041 Executing query: SELECT * FROM "Club Membership"
    WHERE clubid = %s AND userid = %s; | parameters: (3, 5)
2025-12-09 01:51:52,042 fetch_one: SELECT * FROM "Club" WHERE club_id = %s; | parameters: (3,)
2025-12-09 01:51:52,043 Executing query: SELECT * FROM "Club" WHERE club_id = %s; | parameters: (3,)
2025-12-09 01:51:54,046 fetch_one: SELECT * FROM "Club Membership"
    WHERE clubid = %s AND userid = %s; | parameters: (3, 5)
2025-12-09 01:51:54,046 Executing query: SELECT * FROM "Club Membership"
    WHERE clubid = %s AND userid = %s; | parameters: (3, 5)
2025-12-09 01:51:54,047 fetch_all: SELECT cm.*, u.first_name, u.last_name, u.school_email
    FROM "Club Membership" cm JOIN "User" u 
    ON cm.userid = u.user_id WHERE cm.clubid = %s; | parameters: (3,)
2025-12-09 01:51:54,047 Executing query: SELECT cm.*, u.first_name, u.last_name, u.school_email
    FROM "Club Membership" cm JOIN "User" u 
    ON cm.userid = u.user_id WHERE cm.clubid = %s; | parameters: (3,)
2025-12-09 01:51:57,510 fetch_one: SELECT * FROM "Club Membership"
    WHERE clubid = %s AND userid = %s; | parameters: (3, 18)
2025-12-09 01:51:57,510 Executing query: SELECT * FROM "Club Membership"
    WHERE clubid = %s AND userid = %s; | parameters: (3, 18)
2025-12-09 01:51:59,036 execute: UPDATE "Club Membership"
    SET role = %s
    WHERE clubid = %s AND userid = %s
    RETURNING *; | parameters: ('member', 3, 18)
2025-12-09 01:51:59,036 Executing query: UPDATE "Club Membership"
    SET role = %s
    WHERE clubid = %s AND userid = %s
    RETURNING *; | parameters: ('member', 3, 18)
2025-12-09 01:52:01,955 fetch_one: SELECT * FROM "User" WHERE user_id = %s | parameters: (18,)
2025-12-09 01:52:01,956 Executing query: SELECT * FROM "User" WHERE user_id = %s | parameters: (18,)
2025-12-09 01:52:01,958 fetch_all: SELECT cm.*, c.name as club_name
        FROM "Club Membership" cm
        JOIN "Club" c ON cm.clubid = c.club_id
        WHERE cm.userid = %s
        ORDER BY c.name | parameters: (18,)
2025-12-09 01:52:01,958 Executing query: SELECT cm.*, c.name as club_name
        FROM "Club Membership" cm
        JOIN "Club" c ON cm.clubid = c.club_id
        WHERE cm.userid = %s
        ORDER BY c.name | parameters: (18,)
2025-12-09 01:52:01,961 fetch_all: SELECT e.*, c.name as club_name
        FROM "Event" e
        JOIN "Club" c ON e.club = c.club_id
        JOIN "Club Membership" cm ON c.club_id = cm.clubid
        WHERE cm.userid = %s AND cm.is_active = true AND e.start_datetime > NOW()
        ORDER BY e.start_datetime
        LIMIT 5 | parameters: (18,)
2025-12-09 01:52:01,961 Executing query: SELECT e.*, c.name as club_name
        FROM "Event" e
        JOIN "Club" c ON e.club = c.club_id
        JOIN "Club Membership" cm ON c.club_id = cm.clubid
        WHERE cm.userid = %s AND cm.is_active = true AND e.start_datetime > NOW()
        ORDER BY e.start_datetime
        LIMIT 5 | parameters: (18,)
2025-12-09 01:52:01,964 fetch_all: SELECT t.*, c.name as club_name
        FROM "Task" t
        JOIN "Club" c ON t.club = c.club_id
        JOIN "Task Assignment" ta ON t.task_id = ta.task
        WHERE ta."user" = %s AND t.status != 'Complete'
        ORDER BY t.due_date
        LIMIT 5 | parameters: (18,)
2025-12-09 01:52:01,964 Executing query: SELECT t.*, c.name as club_name
        FROM "Task" t
        JOIN "Club" c ON t.club = c.club_id
        JOIN "Task Assignment" ta ON t.task_id = ta.task
        WHERE ta."user" = %s AND t.status != 'Complete'
        ORDER BY t.due_date
        LIMIT 5 | parameters: (18,)
2025-12-09 01:52:08,290 fetch_all: SELECT t.*, c.name as club_name
        FROM "Task" t
        JOIN "Club" c ON t.club = c.club_id
        JOIN "Task Assignment" ta ON t.task_id = ta.task
        WHERE ta."user" = %s
        ORDER BY t.due_date, t.priority | parameters: (18,)
2025-12-09 01:52:08,290 Executing query: SELECT t.*, c.name as club_name
        FROM "Task" t
        JOIN "Club" c ON t.club = c.club_id
        JOIN "Task Assignment" ta ON t.task_id = ta.task
        WHERE ta."user" = %s
        ORDER BY t.due_date, t.priority | parameters: (18,)
2025-12-09 01:52:13,733 fetch_all: SELECT cm.*, c.name FROM "Club Membership" cm
    JOIN "Club" c ON cm.clubid = c.club_id
    WHERE cm.userid = %s | parameters: (18,)
2025-12-09 01:52:13,733 Executing query: SELECT cm.*, c.name FROM "Club Membership" cm
    JOIN "Club" c ON cm.clubid = c.club_id
    WHERE cm.userid = %s | parameters: (18,)
2025-12-09 01:52:15,480 fetch_one: SELECT * FROM "Club Membership"
    WHERE clubid = %s AND userid = %s; | parameters: (3, 18)
2025-12-09 01:52:15,480 Executing query: SELECT * FROM "Club Membership"
    WHERE clubid = %s AND userid = %s; | parameters: (3, 18)
2025-12-09 01:52:15,482 fetch_all: SELECT t.*
            FROM "Task" t
            JOIN "Task Assignment" ta ON t.task_id = ta.task
            WHERE t.club = %s AND ta."user" = %s
            ORDER BY t.due_date | parameters: (3, 18)
2025-12-09 01:52:15,482 Executing query: SELECT t.*
            FROM "Task" t
            JOIN "Task Assignment" ta ON t.task_id = ta.task
            WHERE t.club = %s AND ta."user" = %s
            ORDER BY t.due_date | parameters: (3, 18)
2025-12-09 01:52:20,069 fetch_one: SELECT * FROM "Club Membership"
    WHERE clubid = %s AND userid = %s; | parameters: (3, 18)
2025-12-09 01:52:20,069 Executing query: SELECT * FROM "Club Membership"
    WHERE clubid = %s AND userid = %s; | parameters: (3, 18)
2025-12-09 01:52:20,071 fetch_one: SELECT 1 FROM "Task Assignment"
            WHERE task = %s AND "user" = %s | parameters: (10, 18)
2025-12-09 01:52:20,071 Executing query: SELECT 1 FROM "Task Assignment"
            WHERE task = %s AND "user" = %s | parameters: (10, 18)
2025-12-09 01:52:23,420 execute: UPDATE "Task"
    SET status = %s, updated_at = NOW()
    WHERE task_id = %s
    RETURNING *; | parameters: ('Complete', 10)
2025-12-09 01:52:23,421 Executing query: UPDATE "Task"
    SET status = %s, updated_at = NOW()
    WHERE task_id = %s
    RETURNING *; | parameters: ('Complete', 10)
2025-12-09 01:52:37,888 fetch_one: SELECT * FROM "Club" WHERE name = %s; | parameters: ('Cooking Club',)
2025-12-09 01:52:37,888 Executing query: SELECT * FROM "Club" WHERE name = %s; | parameters: ('Cooking Club',)
2025-12-09 01:52:46,169 execute: INSERT INTO "Club" (name, description, activity_status, created_at)
    VALUES(%s, %s, %s, NOW())
    RETURNING *; | parameters: ('Cooking Club', 'Learn how to cook new foods!', 'Active')
2025-12-09 01:52:46,170 Executing query: INSERT INTO "Club" (name, description, activity_status, created_at)
    VALUES(%s, %s, %s, NOW())
    RETURNING *; | parameters: ('Cooking Club', 'Learn how to cook new foods!', 'Active')
2025-12-09 01:52:46,185 execute: INSERT INTO "Club Membership" (clubid, userid, role, is_active, dues_paid)
    VALUES (%s, %s, %s, true, false)
    RETURNING *; | parameters: (28, 18, 'president')
2025-12-09 01:52:46,185 Executing query: INSERT INTO "Club Membership" (clubid, userid, role, is_active, dues_paid)
    VALUES (%s, %s, %s, true, false)
    RETURNING *; | parameters: (28, 18, 'president')
2025-12-09 01:52:51,882 fetch_one: SELECT * FROM "User" WHERE user_id = %s | parameters: (18,)
2025-12-09 01:52:51,882 Executing query: SELECT * FROM "User" WHERE user_id = %s | parameters: (18,)
2025-12-09 01:52:51,884 fetch_all: SELECT cm.*, c.name as club_name
        FROM "Club Membership" cm
        JOIN "Club" c ON cm.clubid = c.club_id
        WHERE cm.userid = %s
        ORDER BY c.name | parameters: (18,)
2025-12-09 01:52:51,884 Executing query: SELECT cm.*, c.name as club_name
        FROM "Club Membership" cm
        JOIN "Club" c ON cm.clubid = c.club_id
        WHERE cm.userid = %s
        ORDER BY c.name | parameters: (18,)
2025-12-09 01:52:51,886 fetch_all: SELECT e.*, c.name as club_name
        FROM "Event" e
        JOIN "Club" c ON e.club = c.club_id
        JOIN "Club Membership" cm ON c.club_id = cm.clubid
        WHERE cm.userid = %s AND cm.is_active = true AND e.start_datetime > NOW()
        ORDER BY e.start_datetime
        LIMIT 5 | parameters: (18,)
2025-12-09 01:52:51,886 Executing query: SELECT e.*, c.name as club_name
        FROM "Event" e
        JOIN "Club" c ON e.club = c.club_id
        JOIN "Club Membership" cm ON c.club_id = cm.clubid
        WHERE cm.userid = %s AND cm.is_active = true AND e.start_datetime > NOW()
        ORDER BY e.start_datetime
        LIMIT 5 | parameters: (18,)
2025-12-09 01:52:51,888 fetch_all: SELECT t.*, c.name as club_name
        FROM "Task" t
        JOIN "Club" c ON t.club = c.club_id
        JOIN "Task Assignment" ta ON t.task_id = ta.task
        WHERE ta."user" = %s AND t.status != 'Complete'
        ORDER BY t.due_date
        LIMIT 5 | parameters: (18,)
2025-12-09 01:52:51,888 Executing query: SELECT t.*, c.name as club_name
        FROM "Task" t
        JOIN "Club" c ON t.club = c.club_id
        JOIN "Task Assignment" ta ON t.task_id = ta.task
        WHERE ta."user" = %s AND t.status != 'Complete'
        ORDER BY t.due_date
        LIMIT 5 | parameters: (18,)
2025-12-09 01:52:59,536 fetch_all: SELECT cm.*, c.name FROM "Club Membership" cm
    JOIN "Club" c ON cm.clubid = c.club_id
    WHERE cm.userid = %s | parameters: (18,)
2025-12-09 01:52:59,536 Executing query: SELECT cm.*, c.name FROM "Club Membership" cm
    JOIN "Club" c ON cm.clubid = c.club_id
    WHERE cm.userid = %s | parameters: (18,)
2025-12-09 01:53:02,239 fetch_one: SELECT * FROM "Club Membership"
    WHERE clubid = %s AND userid = %s; | parameters: (3, 18)
2025-12-09 01:53:02,239 Executing query: SELECT * FROM "Club Membership"
    WHERE clubid = %s AND userid = %s; | parameters: (3, 18)
2025-12-09 01:53:05,408 fetch_all: SELECT cm.*, c.name FROM "Club Membership" cm
    JOIN "Club" c ON cm.clubid = c.club_id
    WHERE cm.userid = %s | parameters: (18,)
2025-12-09 01:53:05,408 Executing query: SELECT cm.*, c.name FROM "Club Membership" cm
    JOIN "Club" c ON cm.clubid = c.club_id
    WHERE cm.userid = %s | parameters: (18,)
2025-12-09 01:53:08,961 fetch_one: SELECT * FROM "Club Membership"
    WHERE clubid = %s AND userid = %s; | parameters: (28, 18)
2025-12-09 01:53:08,961 Executing query: SELECT * FROM "Club Membership"
    WHERE clubid = %s AND userid = %s; | parameters: (28, 18)
2025-12-09 01:53:08,963 fetch_one: SELECT * FROM "Club" WHERE club_id = %s; | parameters: (28,)
2025-12-09 01:53:08,963 Executing query: SELECT * FROM "Club" WHERE club_id = %s; | parameters: (28,)
