2025-12-08 06:10:58,949 | INFO | SQL: 
    SELECT * FROM "Users"
    WHERE school_email = %s; 
     | PARAMS: ('aantes@unr.edu',)
2025-12-08 06:12:10,200 | INFO | SQL: 
    SELECT * FROM "User"
    WHERE school_email = %s; 
     | PARAMS: ('aantes@unr.edu',)
2025-12-08 06:12:26,039 | INFO | SQL: 
    SELECT * FROM "User"
    WHERE school_email = %s; 
     | PARAMS: ('aantes@unr.edu',)
2025-12-08 06:18:14,913 | INFO | SQL: 
    SELECT * FROM "User"
    WHERE school_email = %s; 
     | PARAMS: ('aantes@unr.edu',)
2025-12-08 06:19:51,316 | INFO | SQL: 
    SELECT * FROM "User"
    WHERE school_email = %s; 
     | PARAMS: ('aantes@unr.edu',)
2025-12-08 06:20:33,271 | INFO | SQL: 
    SELECT * FROM "User"
    WHERE school_email = %s; 
     | PARAMS: ('aantes@unr.edu',)
